Build started 10/1/2015 4:36:29 PM.
     1>Project "C:\Users\Elena\OneDrive\FallQuarter\CompSci31\Project1\Project1\Project1.vcxproj" on node 2 (Build target(s)).
     1>Link:
         C:\Program Files (x86)\Microsoft Visual Studio 14.0\VC\bin\link.exe /ERRORREPORT:PROMPT /OUT:"C:\Users\Elena\OneDrive\FallQuarter\CompSci31\Project1\Debug\Project1.exe" /INCREMENTAL /NOLOGO kernel32.lib user32.lib gdi32.lib winspool.lib comdlg32.lib advapi32.lib shell32.lib ole32.lib oleaut32.lib uuid.lib odbc32.lib odbccp32.lib /MANIFEST /MANIFESTUAC:"level='asInvoker' uiAccess='false'" /manifest:embed /Debug /PDB:"C:\Users\Elena\OneDrive\FallQuarter\CompSci31\Project1\Debug\Project1.pdb" /TLBID:1 /DYNAMICBASE /NXCOMPAT /IMPLIB:"C:\Users\Elena\OneDrive\FallQuarter\CompSci31\Project1\Debug\Project1.lib" /MACHINE:X86 Debug\Source.obj
         Debug\Source1.obj
         Debug\Source2.obj
         Debug\Source3.obj
     1>Source1.obj : error LNK2005: _main already defined in Source.obj
     1>Source2.obj : error LNK2005: _main already defined in Source.obj
     1>Source3.obj : error LNK2005: _main already defined in Source.obj
     1>C:\Users\Elena\OneDrive\FallQuarter\CompSci31\Project1\Debug\Project1.exe : fatal error LNK1169: one or more multiply defined symbols found
     1>Done Building Project "C:\Users\Elena\OneDrive\FallQuarter\CompSci31\Project1\Project1\Project1.vcxproj" (Build target(s)) -- FAILED.

Build FAILED.

Time Elapsed 00:00:00.17
