Build started 11/5/2015 11:47:05 AM.
     1>Project "C:\Users\Elena\OneDrive\FallQuarter\CompSci31\Project4\Project4\Project4\Project4.vcxproj" on node 2 (Build target(s)).
     1>ClCompile:
         C:\Program Files (x86)\Microsoft Visual Studio 14.0\VC\bin\CL.exe /c /ZI /nologo /W3 /WX- /sdl /Od /Oy- /D _MBCS /Gm /EHsc /RTC1 /MDd /GS /fp:precise /Zc:wchar_t /Zc:forScope /Zc:inline /Fo"Debug\\" /Fd"Debug\vc140.pdb" /Gd /TP /analyze- /errorReport:prompt array.cpp
         array.cpp
     1>c1xx : fatal error C1083: Cannot open source file: 'array.cpp': No such file or directory
     1>Done Building Project "C:\Users\Elena\OneDrive\FallQuarter\CompSci31\Project4\Project4\Project4\Project4.vcxproj" (Build target(s)) -- FAILED.

Build FAILED.

Time Elapsed 00:00:01.02
