Build started 10/1/2015 8:54:27 PM.
     1>Project "C:\Users\Elena\OneDrive\FallQuarter\CompSci31\Project1\P1_7\P1_7\P1_7.vcxproj" on node 2 (Build target(s)).
     1>ClCompile:
         C:\Program Files (x86)\Microsoft Visual Studio 14.0\VC\bin\CL.exe /c /ZI /nologo /W3 /WX- /sdl /Od /Oy- /D _MBCS /Gm /EHsc /RTC1 /MDd /GS /fp:precise /Zc:wchar_t /Zc:forScope /Zc:inline /Fo"Debug\\" /Fd"Debug\vc140.pdb" /Gd /TP /analyze- /errorReport:prompt compile_error.cpp
         compile_error.cpp
     1>c:\users\elena\onedrive\fallquarter\compsci31\project1\p1_7\p1_7\compile_error.cpp(15): error C2784: 'std::basic_istream<_Elem,_Traits> &std::operator >>(std::basic_istream<_Elem,_Traits> &&,_Ty &)': could not deduce template argument for 'std::basic_istream<_Elem,_Traits> &&' from 'std::ostream'
         c:\program files (x86)\microsoft visual studio 14.0\vc\include\istream(1106): note: see declaration of 'std::operator >>'
         c:\program files (x86)\microsoft visual studio 14.0\vc\include\istream(1106): note: see declaration of 'std::operator >>'
         c:\program files (x86)\microsoft visual studio 14.0\vc\include\istream(1106): note: see declaration of 'std::operator >>'
         c:\program files (x86)\microsoft visual studio 14.0\vc\include\istream(1106): note: see declaration of 'std::operator >>'
     1>c:\users\elena\onedrive\fallquarter\compsci31\project1\p1_7\p1_7\compile_error.cpp(15): error C2784: 'std::basic_istream<char,_Traits> &std::operator >>(std::basic_istream<char,_Traits> &,unsigned char &)': could not deduce template argument for 'std::basic_istream<char,_Traits> &' from 'std::ostream'
         c:\program files (x86)\microsoft visual studio 14.0\vc\include\istream(1096): note: see declaration of 'std::operator >>'
         c:\program files (x86)\microsoft visual studio 14.0\vc\include\istream(1096): note: see declaration of 'std::operator >>'
         c:\program files (x86)\microsoft visual studio 14.0\vc\include\istream(1096): note: see declaration of 'std::operator >>'
         c:\program files (x86)\microsoft visual studio 14.0\vc\include\istream(1096): note: see declaration of 'std::operator >>'
     1>c:\users\elena\onedrive\fallquarter\compsci31\project1\p1_7\p1_7\compile_error.cpp(15): error C2784: 'std::basic_istream<char,_Traits> &std::operator >>(std::basic_istream<char,_Traits> &,unsigned char *)': could not deduce template argument for 'std::basic_istream<char,_Traits> &' from 'std::ostream'
         c:\program files (x86)\microsoft visual studio 14.0\vc\include\istream(1089): note: see declaration of 'std::operator >>'
         c:\program files (x86)\microsoft visual studio 14.0\vc\include\istream(1089): note: see declaration of 'std::operator >>'
         c:\program files (x86)\microsoft visual studio 14.0\vc\include\istream(1089): note: see declaration of 'std::operator >>'
         c:\program files (x86)\microsoft visual studio 14.0\vc\include\istream(1089): note: see declaration of 'std::operator >>'
     1>c:\users\elena\onedrive\fallquarter\compsci31\project1\p1_7\p1_7\compile_error.cpp(15): error C2784: 'std::basic_istream<char,_Traits> &std::operator >>(std::basic_istream<char,_Traits> &,signed char &)': could not deduce template argument for 'std::basic_istream<char,_Traits> &' from 'std::ostream'
         c:\program files (x86)\microsoft visual studio 14.0\vc\include\istream(1082): note: see declaration of 'std::operator >>'
         c:\program files (x86)\microsoft visual studio 14.0\vc\include\istream(1082): note: see declaration of 'std::operator >>'
         c:\program files (x86)\microsoft visual studio 14.0\vc\include\istream(1082): note: see declaration of 'std::operator >>'
         c:\program files (x86)\microsoft visual studio 14.0\vc\include\istream(1082): note: see declaration of 'std::operator >>'
     1>c:\users\elena\onedrive\fallquarter\compsci31\project1\p1_7\p1_7\compile_error.cpp(15): error C2784: 'std::basic_istream<char,_Traits> &std::operator >>(std::basic_istream<char,_Traits> &,signed char *)': could not deduce template argument for 'std::basic_istream<char,_Traits> &' from 'std::ostream'
         c:\program files (x86)\microsoft visual studio 14.0\vc\include\istream(1075): note: see declaration of 'std::operator >>'
         c:\program files (x86)\microsoft visual studio 14.0\vc\include\istream(1075): note: see declaration of 'std::operator >>'
         c:\program files (x86)\microsoft visual studio 14.0\vc\include\istream(1075): note: see declaration of 'std::operator >>'
         c:\program files (x86)\microsoft visual studio 14.0\vc\include\istream(1075): note: see declaration of 'std::operator >>'
     1>c:\users\elena\onedrive\fallquarter\compsci31\project1\p1_7\p1_7\compile_error.cpp(15): error C2784: 'std::basic_istream<_Elem,_Traits> &std::operator >>(std::basic_istream<_Elem,_Traits> &,_Elem &)': could not deduce template argument for 'std::basic_istream<_Elem,_Traits> &' from 'std::ostream'
         c:\program files (x86)\microsoft visual studio 14.0\vc\include\istream(1050): note: see declaration of 'std::operator >>'
         c:\program files (x86)\microsoft visual studio 14.0\vc\include\istream(1050): note: see declaration of 'std::operator >>'
         c:\program files (x86)\microsoft visual studio 14.0\vc\include\istream(1050): note: see declaration of 'std::operator >>'
         c:\program files (x86)\microsoft visual studio 14.0\vc\include\istream(1050): note: see declaration of 'std::operator >>'
     1>c:\users\elena\onedrive\fallquarter\compsci31\project1\p1_7\p1_7\compile_error.cpp(15): error C2784: 'std::basic_istream<_Elem,_Traits> &std::operator >>(std::basic_istream<_Elem,_Traits> &,_Elem *)': could not deduce template argument for 'std::basic_istream<_Elem,_Traits> &' from 'std::ostream'
         c:\program files (x86)\microsoft visual studio 14.0\vc\include\istream(1008): note: see declaration of 'std::operator >>'
         c:\program files (x86)\microsoft visual studio 14.0\vc\include\istream(1008): note: see declaration of 'std::operator >>'
         c:\program files (x86)\microsoft visual studio 14.0\vc\include\istream(1008): note: see declaration of 'std::operator >>'
         c:\program files (x86)\microsoft visual studio 14.0\vc\include\istream(1008): note: see declaration of 'std::operator >>'
     1>c:\users\elena\onedrive\fallquarter\compsci31\project1\p1_7\p1_7\compile_error.cpp(15): error C2676: binary '>>': 'std::ostream' does not define this operator or a conversion to a type acceptable to the predefined operator
     1>Done Building Project "C:\Users\Elena\OneDrive\FallQuarter\CompSci31\Project1\P1_7\P1_7\P1_7.vcxproj" (Build target(s)) -- FAILED.

Build FAILED.

Time Elapsed 00:00:00.32
